# JRE version: OpenJDK Runtime Environment (17.0.9) (build 17.0.9+0-17.0.9b1087.7-11185874)
# Java VM: OpenJDK 64-Bit Server VM (17.0.9+0-17.0.9b1087.7-11185874, mixed mode, tiered, compressed oops, compressed class ptrs, g1 gc, linux-amd64)
GC Precious Log:
 CPUs: 4 total, 4 available
 Memory: 15685M
 Large Page Support: Disabled
 NUMA Support: Disabled
 Compressed Oops: Enabled (Zero based)
 Heap Region Size: 2M
 Heap Min Capacity: 8M
 Heap Initial Capacity: 246M
 Heap Max Capacity: 3922M
 Pre-touch: Disabled
 Parallel Workers: 4
 Concurrent Workers: 1
 Concurrent Refinement Workers: 4
 Periodic GC: Disabled
Heap:
 garbage-first heap   total 501760K, used 289996K [0x000000070ae00000, 0x0000000800000000)
  region size 2048K, 7 young (14336K), 7 survivors (14336K)
 Metaspace       used 105056K, committed 105536K, reserved 1179648K
  class space    used 10953K, committed 11200K, reserved 1048576K
GC Heap History (20 events):
Event: 51.863 GC heap after
{Heap after GC invocations=32 (full 0):
 garbage-first heap   total 417792K, used 214129K [0x000000070ae00000, 0x0000000800000000)
  region size 2048K, 7 young (14336K), 7 survivors (14336K)
 Metaspace       used 79068K, committed 79488K, reserved 1179648K
  class space    used 8794K, committed 9024K, reserved 1048576K
}
Event: 54.400 GC heap before
{Heap before GC invocations=32 (full 0):
 garbage-first heap   total 417792K, used 347249K [0x000000070ae00000, 0x0000000800000000)
  region size 2048K, 72 young (147456K), 7 survivors (14336K)
 Metaspace       used 79191K, committed 79616K, reserved 1179648K
  class space    used 8797K, committed 9024K, reserved 1048576K
}
Event: 54.448 GC heap after
{Heap after GC invocations=33 (full 0):
 garbage-first heap   total 417792K, used 223377K [0x000000070ae00000, 0x0000000800000000)
  region size 2048K, 8 young (16384K), 8 survivors (16384K)
 Metaspace       used 79191K, committed 79616K, reserved 1179648K
  class space    used 8797K, committed 9024K, reserved 1048576K
}
Event: 55.993 GC heap before
{Heap before GC invocations=33 (full 0):
 garbage-first heap   total 417792K, used 348305K [0x000000070ae00000, 0x0000000800000000)
  region size 2048K, 69 young (141312K), 8 survivors (16384K)
 Metaspace       used 79780K, committed 80128K, reserved 1179648K
  class space    used 8844K, committed 9024K, reserved 1048576K
}
Event: 56.034 GC heap after
{Heap after GC invocations=34 (full 0):
 garbage-first heap   total 417792K, used 227908K [0x000000070ae00000, 0x0000000800000000)
  region size 2048K, 7 young (14336K), 7 survivors (14336K)
 Metaspace       used 79780K, committed 80128K, reserved 1179648K
  class space    used 8844K, committed 9024K, reserved 1048576K
}
Event: 57.389 GC heap before
{Heap before GC invocations=34 (full 0):
 garbage-first heap   total 417792K, used 350788K [0x000000070ae00000, 0x0000000800000000)
  region size 2048K, 67 young (137216K), 7 survivors (14336K)
 Metaspace       used 80263K, committed 80704K, reserved 1179648K
  class space    used 8864K, committed 9088K, reserved 1048576K
}
Event: 57.413 GC heap after
{Heap after GC invocations=35 (full 0):
 garbage-first heap   total 417792K, used 230741K [0x000000070ae00000, 0x0000000800000000)
  region size 2048K, 4 young (8192K), 4 survivors (8192K)
 Metaspace       used 80263K, committed 80704K, reserved 1179648K
  class space    used 8864K, committed 9088K, reserved 1048576K
}
Event: 59.969 GC heap before
{Heap before GC invocations=35 (full 0):
 garbage-first heap   total 417792K, used 329045K [0x000000070ae00000, 0x0000000800000000)
  region size 2048K, 53 young (108544K), 4 survivors (8192K)
 Metaspace       used 86562K, committed 86976K, reserved 1179648K
  class space    used 9435K, committed 9664K, reserved 1048576K
}
Event: 60.008 GC heap after
{Heap after GC invocations=36 (full 0):
 garbage-first heap   total 501760K, used 240303K [0x000000070ae00000, 0x0000000800000000)
  region size 2048K, 9 young (18432K), 9 survivors (18432K)
 Metaspace       used 86562K, committed 86976K, reserved 1179648K
  class space    used 9435K, committed 9664K, reserved 1048576K
}
Event: 63.880 GC heap before
{Heap before GC invocations=37 (full 0):
 garbage-first heap   total 501760K, used 410287K [0x000000070ae00000, 0x0000000800000000)
  region size 2048K, 93 young (190464K), 9 survivors (18432K)
 Metaspace       used 90865K, committed 91328K, reserved 1179648K
  class space    used 9852K, committed 10112K, reserved 1048576K
}
Event: 63.957 GC heap after
{Heap after GC invocations=38 (full 0):
 garbage-first heap   total 501760K, used 264559K [0x000000070ae00000, 0x0000000800000000)
  region size 2048K, 12 young (24576K), 12 survivors (24576K)
 Metaspace       used 90865K, committed 91328K, reserved 1179648K
  class space    used 9852K, committed 10112K, reserved 1048576K
}
Event: 63.987 GC heap before
{Heap before GC invocations=38 (full 0):
 garbage-first heap   total 501760K, used 266607K [0x000000070ae00000, 0x0000000800000000)
  region size 2048K, 13 young (26624K), 12 survivors (24576K)
 Metaspace       used 90870K, committed 91328K, reserved 1179648K
  class space    used 9852K, committed 10112K, reserved 1048576K
}
Event: 64.037 GC heap after
{Heap after GC invocations=39 (full 0):
 garbage-first heap   total 501760K, used 267711K [0x000000070ae00000, 0x0000000800000000)
  region size 2048K, 2 young (4096K), 2 survivors (4096K)
 Metaspace       used 90870K, committed 91328K, reserved 1179648K
  class space    used 9852K, committed 10112K, reserved 1048576K
}
Event: 66.533 GC heap before
{Heap before GC invocations=39 (full 0):
 garbage-first heap   total 501760K, used 404927K [0x000000070ae00000, 0x0000000800000000)
  region size 2048K, 69 young (141312K), 2 survivors (4096K)
 Metaspace       used 97313K, committed 97728K, reserved 1179648K
  class space    used 10455K, committed 10688K, reserved 1048576K
}
Event: 66.561 GC heap after
{Heap after GC invocations=40 (full 0):
 garbage-first heap   total 501760K, used 267711K [0x000000070ae00000, 0x0000000800000000)
  region size 2048K, 2 young (4096K), 2 survivors (4096K)
 Metaspace       used 97313K, committed 97728K, reserved 1179648K
  class space    used 10455K, committed 10688K, reserved 1048576K
}
Event: 68.847 GC heap before
{Heap before GC invocations=40 (full 0):
 garbage-first heap   total 501760K, used 411071K [0x000000070ae00000, 0x0000000800000000)
  region size 2048K, 72 young (147456K), 2 survivors (4096K)
 Metaspace       used 99737K, committed 100160K, reserved 1179648K
  class space    used 10644K, committed 10880K, reserved 1048576K
}
Event: 68.896 GC heap after
{Heap after GC invocations=41 (full 0):
 garbage-first heap   total 501760K, used 276314K [0x000000070ae00000, 0x0000000800000000)
  region size 2048K, 7 young (14336K), 7 survivors (14336K)
 Metaspace       used 99737K, committed 100160K, reserved 1179648K
  class space    used 10644K, committed 10880K, reserved 1048576K
}
Event: 71.339 GC heap before
{Heap before GC invocations=41 (full 0):
 garbage-first heap   total 501760K, used 413530K [0x000000070ae00000, 0x0000000800000000)
  region size 2048K, 74 young (151552K), 7 survivors (14336K)
 Metaspace       used 100122K, committed 100608K, reserved 1179648K
  class space    used 10650K, committed 10880K, reserved 1048576K
}
Event: 71.409 GC heap after
{Heap after GC invocations=42 (full 0):
 garbage-first heap   total 501760K, used 282637K [0x000000070ae00000, 0x0000000800000000)
  region size 2048K, 8 young (16384K), 8 survivors (16384K)
 Metaspace       used 100122K, committed 100608K, reserved 1179648K
  class space    used 10650K, committed 10880K, reserved 1048576K
}
Event: 76.499 GC heap before
{Heap before GC invocations=42 (full 0):
 garbage-first heap   total 501760K, used 419853K [0x000000070ae00000, 0x0000000800000000)
  region size 2048K, 75 young (153600K), 8 survivors (16384K)
 Metaspace       used 105056K, committed 105536K, reserved 1179648K
  class space    used 10953K, committed 11200K, reserved 1048576K
}

